{"C:\\Users\\gusta\\calculadora-palindromo\\calculadora.js": {"path":"C:\\Users\\gusta\\calculadora-palindromo\\calculadora.js","statementMap":{"0":{"start":{"line":2,"column":4},"end":{"line":13,"column":5}},"1":{"start":{"line":4,"column":8},"end":{"line":4,"column":21}},"2":{"start":{"line":6,"column":8},"end":{"line":6,"column":21}},"3":{"start":{"line":8,"column":8},"end":{"line":8,"column":21}},"4":{"start":{"line":10,"column":8},"end":{"line":10,"column":58}},"5":{"start":{"line":12,"column":8},"end":{"line":12,"column":35}},"6":{"start":{"line":16,"column":2},"end":{"line":16,"column":31}}},"fnMap":{"0":{"name":"calculadora","decl":{"start":{"line":1,"column":9},"end":{"line":1,"column":20}},"loc":{"start":{"line":1,"column":37},"end":{"line":14,"column":3}},"line":1}},"branchMap":{"0":{"loc":{"start":{"line":2,"column":4},"end":{"line":13,"column":5}},"type":"switch","locations":[{"start":{"line":3,"column":6},"end":{"line":4,"column":21}},{"start":{"line":5,"column":6},"end":{"line":6,"column":21}},{"start":{"line":7,"column":6},"end":{"line":8,"column":21}},{"start":{"line":9,"column":6},"end":{"line":10,"column":58}},{"start":{"line":11,"column":6},"end":{"line":12,"column":35}}],"line":2},"1":{"loc":{"start":{"line":10,"column":15},"end":{"line":10,"column":57}},"type":"cond-expr","locations":[{"start":{"line":10,"column":25},"end":{"line":10,"column":30}},{"start":{"line":10,"column":33},"end":{"line":10,"column":57}}],"line":10}},"s":{"0":5,"1":1,"2":1,"3":1,"4":2,"5":0,"6":1},"f":{"0":5},"b":{"0":[1,1,1,2,0],"1":[1,1]},"inputSourceMap":null,"_coverageSchema":"1a1c01bbd47fc00a2c39e90264f33305004495a9","hash":"26b8ce06c3d07b314e4afdf49d9b1a014a22972a"}
,"C:\\Users\\gusta\\calculadora-palindromo\\palindromo.js": {"path":"C:\\Users\\gusta\\calculadora-palindromo\\palindromo.js","statementMap":{"0":{"start":{"line":2,"column":21},"end":{"line":2,"column":67}},"1":{"start":{"line":3,"column":23},"end":{"line":3,"column":60}},"2":{"start":{"line":4,"column":4},"end":{"line":4,"column":35}},"3":{"start":{"line":7,"column":2},"end":{"line":7,"column":31}}},"fnMap":{"0":{"name":"ePalindromo","decl":{"start":{"line":1,"column":9},"end":{"line":1,"column":20}},"loc":{"start":{"line":1,"column":26},"end":{"line":5,"column":3}},"line":1}},"branchMap":{},"s":{"0":2,"1":2,"2":2,"3":1},"f":{"0":2},"b":{},"inputSourceMap":null,"_coverageSchema":"1a1c01bbd47fc00a2c39e90264f33305004495a9","hash":"b91f38e04d4f46cd3ea5f3d55d5568c2dffa7510"}
}
